<?xml version="1.0" encoding="UTF-8"?>
<testsuite xmlns:xsi="http://www.w3.org/2001/XMLSchema-instance" xsi:noNamespaceSchemaLocation="https://maven.apache.org/surefire/maven-surefire-plugin/xsd/surefire-test-report.xsd" name="TestLoginPage" time="8.475" tests="3" errors="0" skipped="0" failures="0">
  <properties>
[...]
</properties>
  <testcase name="nullUsernameLoginSenerio" classname="TestLoginPage" time="7.794"/>
  <testcase name="nullPasswordLoginSenerio" classname="TestLoginPage" time="7.947"/>
  <testcase name="correctLoginSenerio" classname="TestLoginPage" time="8.089"/>
</testsuite>